<?xml version="1.0" encoding="UTF-8"?>
<!-- Generated by org.testng.reporters.JUnitReportReporter -->
<testsuite skipped="0" hostname="SAMSUNG" name="com.blazedemo.base.Runner" tests="2" failures="0" timestamp="08 Sep 2020 17:27:02 GMT" time="6.934" errors="0">
  <testcase name="runScenario" time="2.919" classname="com.blazedemo.base.Runner"/>
  <testcase name="runScenario" time="4.015" classname="com.blazedemo.base.Runner"/>
</testsuite> <!-- com.blazedemo.base.Runner -->
